# JRE version: OpenJDK Runtime Environment Temurin-21.0.6+7 (21.0.6+7) (build 21.0.6+7-LTS)
# Java VM: OpenJDK 64-Bit Server VM Temurin-21.0.6+7 (21.0.6+7-LTS, mixed mode, sharing, tiered, compressed oops, compressed class ptrs, parallel gc, windows-amd64)
GC Precious Log:
 CardTable entry size: 512
 CPUs: 12 total, 12 available
 Memory: 16249M
 Large Page Support: Disabled
 NUMA Support: Disabled
 Compressed Oops: Enabled (32-bit)
 Alignments: Space 512K, Generation 512K, Heap 2M
 Heap Min Capacity: 100M
 Heap Initial Capacity: 100M
 Heap Max Capacity: 1G
 Pre-touch: Disabled
 Parallel Workers: 10
Heap:
 PSYoungGen      total 14848K, used 14220K [0x00000000eab00000, 0x00000000ebb80000, 0x0000000100000000)
  eden space 13824K, 98% used [0x00000000eab00000,0x00000000eb852e68,0x00000000eb880000)
  from space 1024K, 56% used [0x00000000eba80000,0x00000000ebb10550,0x00000000ebb80000)
  to   space 1024K, 0% used [0x00000000eb980000,0x00000000eb980000,0x00000000eba80000)
 ParOldGen       total 81408K, used 81064K [0x00000000c0000000, 0x00000000c4f80000, 0x00000000eab00000)
  object space 81408K, 99% used [0x00000000c0000000,0x00000000c4f2a288,0x00000000c4f80000)
 Metaspace       used 76565K, committed 78080K, reserved 1179648K
  class space    used 8023K, committed 8704K, reserved 1048576K
GC Heap History (20 events):
Event: 643.872 GC heap before
{Heap before GC invocations=92 (full 3):
 PSYoungGen      total 14336K, used 14183K [0x00000000eab00000, 0x00000000ebc80000, 0x0000000100000000)
  eden space 13824K, 98% used [0x00000000eab00000,0x00000000eb85a370,0x00000000eb880000)
  from space 512K, 99% used [0x00000000ebc00000,0x00000000ebc7fc48,0x00000000ebc80000)
  to   space 1536K, 0% used [0x00000000eb980000,0x00000000eb980000,0x00000000ebb00000)
 ParOldGen       total 73728K, used 73479K [0x00000000c0000000, 0x00000000c4800000, 0x00000000eab00000)
  object space 73728K, 99% used [0x00000000c0000000,0x00000000c47c1cd8,0x00000000c4800000)
 Metaspace       used 74392K, committed 75904K, reserved 1179648K
  class space    used 7820K, committed 8512K, reserved 1048576K
}
Event: 643.873 GC heap after
{Heap after GC invocations=92 (full 3):
 PSYoungGen      total 15360K, used 976K [0x00000000eab00000, 0x00000000ebc80000, 0x0000000100000000)
  eden space 13824K, 0% used [0x00000000eab00000,0x00000000eab00000,0x00000000eb880000)
  from space 1536K, 63% used [0x00000000eb980000,0x00000000eba741b0,0x00000000ebb00000)
  to   space 1024K, 0% used [0x00000000ebb80000,0x00000000ebb80000,0x00000000ebc80000)
 ParOldGen       total 75776K, used 75724K [0x00000000c0000000, 0x00000000c4a00000, 0x00000000eab00000)
  object space 75776K, 99% used [0x00000000c0000000,0x00000000c49f3150,0x00000000c4a00000)
 Metaspace       used 74392K, committed 75904K, reserved 1179648K
  class space    used 7820K, committed 8512K, reserved 1048576K
}
Event: 644.528 GC heap before
{Heap before GC invocations=93 (full 3):
 PSYoungGen      total 15360K, used 14751K [0x00000000eab00000, 0x00000000ebc80000, 0x0000000100000000)
  eden space 13824K, 99% used [0x00000000eab00000,0x00000000eb873b38,0x00000000eb880000)
  from space 1536K, 63% used [0x00000000eb980000,0x00000000eba741b0,0x00000000ebb00000)
  to   space 1024K, 0% used [0x00000000ebb80000,0x00000000ebb80000,0x00000000ebc80000)
 ParOldGen       total 75776K, used 75724K [0x00000000c0000000, 0x00000000c4a00000, 0x00000000eab00000)
  object space 75776K, 99% used [0x00000000c0000000,0x00000000c49f3150,0x00000000c4a00000)
 Metaspace       used 74433K, committed 75904K, reserved 1179648K
  class space    used 7821K, committed 8512K, reserved 1048576K
}
Event: 644.529 GC heap after
{Heap after GC invocations=93 (full 3):
 PSYoungGen      total 14336K, used 423K [0x00000000eab00000, 0x00000000ebc00000, 0x0000000100000000)
  eden space 13824K, 0% used [0x00000000eab00000,0x00000000eab00000,0x00000000eb880000)
  from space 512K, 82% used [0x00000000ebb80000,0x00000000ebbe9d90,0x00000000ebc00000)
  to   space 1024K, 0% used [0x00000000eba00000,0x00000000eba00000,0x00000000ebb00000)
 ParOldGen       total 79872K, used 79509K [0x00000000c0000000, 0x00000000c4e00000, 0x00000000eab00000)
  object space 79872K, 99% used [0x00000000c0000000,0x00000000c4da5750,0x00000000c4e00000)
 Metaspace       used 74433K, committed 75904K, reserved 1179648K
  class space    used 7821K, committed 8512K, reserved 1048576K
}
Event: 644.941 GC heap before
{Heap before GC invocations=94 (full 3):
 PSYoungGen      total 14336K, used 14247K [0x00000000eab00000, 0x00000000ebc00000, 0x0000000100000000)
  eden space 13824K, 100% used [0x00000000eab00000,0x00000000eb880000,0x00000000eb880000)
  from space 512K, 82% used [0x00000000ebb80000,0x00000000ebbe9d90,0x00000000ebc00000)
  to   space 1024K, 0% used [0x00000000eba00000,0x00000000eba00000,0x00000000ebb00000)
 ParOldGen       total 79872K, used 79509K [0x00000000c0000000, 0x00000000c4e00000, 0x00000000eab00000)
  object space 79872K, 99% used [0x00000000c0000000,0x00000000c4da5750,0x00000000c4e00000)
 Metaspace       used 74453K, committed 75904K, reserved 1179648K
  class space    used 7821K, committed 8512K, reserved 1048576K
}
Event: 644.942 GC heap after
{Heap after GC invocations=94 (full 3):
 PSYoungGen      total 14848K, used 320K [0x00000000eab00000, 0x00000000ebc00000, 0x0000000100000000)
  eden space 13824K, 0% used [0x00000000eab00000,0x00000000eab00000,0x00000000eb880000)
  from space 1024K, 31% used [0x00000000eba00000,0x00000000eba50000,0x00000000ebb00000)
  to   space 512K, 0% used [0x00000000ebb80000,0x00000000ebb80000,0x00000000ebc00000)
 ParOldGen       total 79872K, used 79581K [0x00000000c0000000, 0x00000000c4e00000, 0x00000000eab00000)
  object space 79872K, 99% used [0x00000000c0000000,0x00000000c4db7750,0x00000000c4e00000)
 Metaspace       used 74453K, committed 75904K, reserved 1179648K
  class space    used 7821K, committed 8512K, reserved 1048576K
}
Event: 645.904 GC heap before
{Heap before GC invocations=95 (full 3):
 PSYoungGen      total 14848K, used 14144K [0x00000000eab00000, 0x00000000ebc00000, 0x0000000100000000)
  eden space 13824K, 100% used [0x00000000eab00000,0x00000000eb880000,0x00000000eb880000)
  from space 1024K, 31% used [0x00000000eba00000,0x00000000eba50000,0x00000000ebb00000)
  to   space 512K, 0% used [0x00000000ebb80000,0x00000000ebb80000,0x00000000ebc00000)
 ParOldGen       total 79872K, used 79581K [0x00000000c0000000, 0x00000000c4e00000, 0x00000000eab00000)
  object space 79872K, 99% used [0x00000000c0000000,0x00000000c4db7750,0x00000000c4e00000)
 Metaspace       used 74534K, committed 75968K, reserved 1179648K
  class space    used 7823K, committed 8512K, reserved 1048576K
}
Event: 645.904 GC heap after
{Heap after GC invocations=95 (full 3):
 PSYoungGen      total 14336K, used 512K [0x00000000eab00000, 0x00000000ebc00000, 0x0000000100000000)
  eden space 13824K, 0% used [0x00000000eab00000,0x00000000eab00000,0x00000000eb880000)
  from space 512K, 100% used [0x00000000ebb80000,0x00000000ebc00000,0x00000000ebc00000)
  to   space 1024K, 0% used [0x00000000eba00000,0x00000000eba00000,0x00000000ebb00000)
 ParOldGen       total 79872K, used 79669K [0x00000000c0000000, 0x00000000c4e00000, 0x00000000eab00000)
  object space 79872K, 99% used [0x00000000c0000000,0x00000000c4dcd760,0x00000000c4e00000)
 Metaspace       used 74534K, committed 75968K, reserved 1179648K
  class space    used 7823K, committed 8512K, reserved 1048576K
}
Event: 647.148 GC heap before
{Heap before GC invocations=96 (full 3):
 PSYoungGen      total 14336K, used 14336K [0x00000000eab00000, 0x00000000ebc00000, 0x0000000100000000)
  eden space 13824K, 100% used [0x00000000eab00000,0x00000000eb880000,0x00000000eb880000)
  from space 512K, 100% used [0x00000000ebb80000,0x00000000ebc00000,0x00000000ebc00000)
  to   space 1024K, 0% used [0x00000000eba00000,0x00000000eba00000,0x00000000ebb00000)
 ParOldGen       total 79872K, used 79669K [0x00000000c0000000, 0x00000000c4e00000, 0x00000000eab00000)
  object space 79872K, 99% used [0x00000000c0000000,0x00000000c4dcd760,0x00000000c4e00000)
 Metaspace       used 74782K, committed 76224K, reserved 1179648K
  class space    used 7844K, committed 8512K, reserved 1048576K
}
Event: 647.148 GC heap after
{Heap after GC invocations=96 (full 3):
 PSYoungGen      total 14848K, used 512K [0x00000000eab00000, 0x00000000ebc00000, 0x0000000100000000)
  eden space 13824K, 0% used [0x00000000eab00000,0x00000000eab00000,0x00000000eb880000)
  from space 1024K, 50% used [0x00000000eba00000,0x00000000eba80000,0x00000000ebb00000)
  to   space 1024K, 0% used [0x00000000ebb00000,0x00000000ebb00000,0x00000000ebc00000)
 ParOldGen       total 79872K, used 79832K [0x00000000c0000000, 0x00000000c4e00000, 0x00000000eab00000)
  object space 79872K, 99% used [0x00000000c0000000,0x00000000c4df6060,0x00000000c4e00000)
 Metaspace       used 74782K, committed 76224K, reserved 1179648K
  class space    used 7844K, committed 8512K, reserved 1048576K
}
Event: 658.306 GC heap before
{Heap before GC invocations=97 (full 3):
 PSYoungGen      total 14848K, used 14335K [0x00000000eab00000, 0x00000000ebc00000, 0x0000000100000000)
  eden space 13824K, 99% used [0x00000000eab00000,0x00000000eb87fff8,0x00000000eb880000)
  from space 1024K, 50% used [0x00000000eba00000,0x00000000eba80000,0x00000000ebb00000)
  to   space 1024K, 0% used [0x00000000ebb00000,0x00000000ebb00000,0x00000000ebc00000)
 ParOldGen       total 79872K, used 79832K [0x00000000c0000000, 0x00000000c4e00000, 0x00000000eab00000)
  object space 79872K, 99% used [0x00000000c0000000,0x00000000c4df6060,0x00000000c4e00000)
 Metaspace       used 75198K, committed 76608K, reserved 1179648K
  class space    used 7867K, committed 8512K, reserved 1048576K
}
Event: 658.307 GC heap after
{Heap after GC invocations=97 (full 3):
 PSYoungGen      total 14848K, used 688K [0x00000000eab00000, 0x00000000ebc00000, 0x0000000100000000)
  eden space 13824K, 0% used [0x00000000eab00000,0x00000000eab00000,0x00000000eb880000)
  from space 1024K, 67% used [0x00000000ebb00000,0x00000000ebbac030,0x00000000ebc00000)
  to   space 1024K, 0% used [0x00000000eba00000,0x00000000eba00000,0x00000000ebb00000)
 ParOldGen       total 80384K, used 80066K [0x00000000c0000000, 0x00000000c4e80000, 0x00000000eab00000)
  object space 80384K, 99% used [0x00000000c0000000,0x00000000c4e30960,0x00000000c4e80000)
 Metaspace       used 75198K, committed 76608K, reserved 1179648K
  class space    used 7867K, committed 8512K, reserved 1048576K
}
Event: 693.362 GC heap before
{Heap before GC invocations=98 (full 3):
 PSYoungGen      total 14848K, used 14512K [0x00000000eab00000, 0x00000000ebc00000, 0x0000000100000000)
  eden space 13824K, 100% used [0x00000000eab00000,0x00000000eb880000,0x00000000eb880000)
  from space 1024K, 67% used [0x00000000ebb00000,0x00000000ebbac030,0x00000000ebc00000)
  to   space 1024K, 0% used [0x00000000eba00000,0x00000000eba00000,0x00000000ebb00000)
 ParOldGen       total 80384K, used 80066K [0x00000000c0000000, 0x00000000c4e80000, 0x00000000eab00000)
  object space 80384K, 99% used [0x00000000c0000000,0x00000000c4e30960,0x00000000c4e80000)
 Metaspace       used 75837K, committed 77312K, reserved 1179648K
  class space    used 7975K, committed 8640K, reserved 1048576K
}
Event: 693.362 GC heap after
{Heap after GC invocations=98 (full 3):
 PSYoungGen      total 14848K, used 800K [0x00000000eab00000, 0x00000000ebb80000, 0x0000000100000000)
  eden space 13824K, 0% used [0x00000000eab00000,0x00000000eab00000,0x00000000eb880000)
  from space 1024K, 78% used [0x00000000eba00000,0x00000000ebac8020,0x00000000ebb00000)
  to   space 512K, 0% used [0x00000000ebb00000,0x00000000ebb00000,0x00000000ebb80000)
 ParOldGen       total 80384K, used 80210K [0x00000000c0000000, 0x00000000c4e80000, 0x00000000eab00000)
  object space 80384K, 99% used [0x00000000c0000000,0x00000000c4e54980,0x00000000c4e80000)
 Metaspace       used 75837K, committed 77312K, reserved 1179648K
  class space    used 7975K, committed 8640K, reserved 1048576K
}
Event: 694.405 GC heap before
{Heap before GC invocations=99 (full 3):
 PSYoungGen      total 14848K, used 14624K [0x00000000eab00000, 0x00000000ebb80000, 0x0000000100000000)
  eden space 13824K, 100% used [0x00000000eab00000,0x00000000eb880000,0x00000000eb880000)
  from space 1024K, 78% used [0x00000000eba00000,0x00000000ebac8020,0x00000000ebb00000)
  to   space 512K, 0% used [0x00000000ebb00000,0x00000000ebb00000,0x00000000ebb80000)
 ParOldGen       total 80384K, used 80210K [0x00000000c0000000, 0x00000000c4e80000, 0x00000000eab00000)
  object space 80384K, 99% used [0x00000000c0000000,0x00000000c4e54980,0x00000000c4e80000)
 Metaspace       used 76004K, committed 77504K, reserved 1179648K
  class space    used 7979K, committed 8640K, reserved 1048576K
}
Event: 694.406 GC heap after
{Heap after GC invocations=99 (full 3):
 PSYoungGen      total 14336K, used 432K [0x00000000eab00000, 0x00000000ebb80000, 0x0000000100000000)
  eden space 13824K, 0% used [0x00000000eab00000,0x00000000eab00000,0x00000000eb880000)
  from space 512K, 84% used [0x00000000ebb00000,0x00000000ebb6c030,0x00000000ebb80000)
  to   space 1024K, 0% used [0x00000000eb980000,0x00000000eb980000,0x00000000eba80000)
 ParOldGen       total 80896K, used 80522K [0x00000000c0000000, 0x00000000c4f00000, 0x00000000eab00000)
  object space 80896K, 99% used [0x00000000c0000000,0x00000000c4ea29a0,0x00000000c4f00000)
 Metaspace       used 76004K, committed 77504K, reserved 1179648K
  class space    used 7979K, committed 8640K, reserved 1048576K
}
Event: 694.714 GC heap before
{Heap before GC invocations=100 (full 3):
 PSYoungGen      total 14336K, used 14123K [0x00000000eab00000, 0x00000000ebb80000, 0x0000000100000000)
  eden space 13824K, 99% used [0x00000000eab00000,0x00000000eb85ebd8,0x00000000eb880000)
  from space 512K, 84% used [0x00000000ebb00000,0x00000000ebb6c030,0x00000000ebb80000)
  to   space 1024K, 0% used [0x00000000eb980000,0x00000000eb980000,0x00000000eba80000)
 ParOldGen       total 80896K, used 80522K [0x00000000c0000000, 0x00000000c4f00000, 0x00000000eab00000)
  object space 80896K, 99% used [0x00000000c0000000,0x00000000c4ea29a0,0x00000000c4f00000)
 Metaspace       used 76049K, committed 77504K, reserved 1179648K
  class space    used 7979K, committed 8640K, reserved 1048576K
}
Event: 694.715 GC heap after
{Heap after GC invocations=100 (full 3):
 PSYoungGen      total 14848K, used 647K [0x00000000eab00000, 0x00000000ebb80000, 0x0000000100000000)
  eden space 13824K, 0% used [0x00000000eab00000,0x00000000eab00000,0x00000000eb880000)
  from space 1024K, 63% used [0x00000000eb980000,0x00000000eba21de8,0x00000000eba80000)
  to   space 1024K, 0% used [0x00000000eba80000,0x00000000eba80000,0x00000000ebb80000)
 ParOldGen       total 80896K, used 80756K [0x00000000c0000000, 0x00000000c4f00000, 0x00000000eab00000)
  object space 80896K, 99% used [0x00000000c0000000,0x00000000c4edd2f0,0x00000000c4f00000)
 Metaspace       used 76049K, committed 77504K, reserved 1179648K
  class space    used 7979K, committed 8640K, reserved 1048576K
}
Event: 700.966 GC heap before
{Heap before GC invocations=101 (full 3):
 PSYoungGen      total 14848K, used 14471K [0x00000000eab00000, 0x00000000ebb80000, 0x0000000100000000)
  eden space 13824K, 100% used [0x00000000eab00000,0x00000000eb880000,0x00000000eb880000)
  from space 1024K, 63% used [0x00000000eb980000,0x00000000eba21de8,0x00000000eba80000)
  to   space 1024K, 0% used [0x00000000eba80000,0x00000000eba80000,0x00000000ebb80000)
 ParOldGen       total 80896K, used 80756K [0x00000000c0000000, 0x00000000c4f00000, 0x00000000eab00000)
  object space 80896K, 99% used [0x00000000c0000000,0x00000000c4edd2f0,0x00000000c4f00000)
 Metaspace       used 76122K, committed 77568K, reserved 1179648K
  class space    used 7980K, committed 8640K, reserved 1048576K
}
Event: 700.967 GC heap after
{Heap after GC invocations=101 (full 3):
 PSYoungGen      total 14848K, used 577K [0x00000000eab00000, 0x00000000ebb80000, 0x0000000100000000)
  eden space 13824K, 0% used [0x00000000eab00000,0x00000000eab00000,0x00000000eb880000)
  from space 1024K, 56% used [0x00000000eba80000,0x00000000ebb10550,0x00000000ebb80000)
  to   space 1024K, 0% used [0x00000000eb980000,0x00000000eb980000,0x00000000eba80000)
 ParOldGen       total 81408K, used 81064K [0x00000000c0000000, 0x00000000c4f80000, 0x00000000eab00000)
  object space 81408K, 99% used [0x00000000c0000000,0x00000000c4f2a288,0x00000000c4f80000)
 Metaspace       used 76122K, committed 77568K, reserved 1179648K
  class space    used 7980K, committed 8640K, reserved 1048576K
}

